2021-07-31 21:42:24-log: [Package] Profile Migrate: program@Cocos Creator...
2021-07-31 21:42:24-log: [Package] Profile Migrate: device@Cocos Creator...
2021-07-31 21:42:24-log: [Package] Profile Migrate: engine@Cocos Creator...
2021-07-31 21:42:24-log: [Package] menu@1.0.0 enable
2021-07-31 21:42:24-log: [Package] messages@1.0.0 enable
2021-07-31 21:42:24-log: [Package] profile@1.0.0 enable
2021-07-31 21:42:24-log: [Package] program@1.0.0 enable
2021-07-31 21:42:24-log: [Package] device@1.0.1 enable
2021-07-31 21:42:24-log: [Package] ui-kit@1.0.0 enable
2021-07-31 21:42:24-log: [Package] tester@1.0.0 enable
2021-07-31 21:42:24-log: [Package] preferences@1.0.0 enable
2021-07-31 21:42:24-log: Setup mods mgr.: 260.209ms
2021-07-31 21:42:24-log: [Package] engine@1.0.5 enable
2021-07-31 21:42:27-log: [Package] programming@1.0.0 enable
2021-07-31 21:42:27-log: [Package] asset-db@1.0.0 enable
2021-07-31 21:42:28-log: [Package] console@1.0.0 enable
2021-07-31 21:42:28-log: [Package] scene@1.0.0 enable
2021-07-31 21:42:28-log: [Package] project@1.0.1 enable
2021-07-31 21:42:28-log: [Package] about@1.0.0 enable
2021-07-31 21:42:28-log: [Package] server@1.0.0 enable
2021-07-31 21:42:28-warn: Server: Port 7456 is occupied
2021-07-31 21:42:28-log: [Package] utils@1.0.0 enable
2021-07-31 21:42:28-log: [Package] assets@1.0.0 enable
2021-07-31 21:42:28-log: [Package] inspector@1.0.0 enable
2021-07-31 21:42:28-log: [Package] hierarchy@1.0.0 enable
2021-07-31 21:42:29-log: [Package] preview@1.0.1 enable
2021-07-31 21:42:29-log: [Package] animator@1.0.0 enable
2021-07-31 21:42:24-log: [Package] Profile Migrate: program@Cocos Creator...
2021-07-31 21:42:24-log: [Package] Profile Migrate: device@Cocos Creator...
2021-07-31 21:42:24-log: [Package] Profile Migrate: engine@Cocos Creator...
